#
# There is insufficient memory for the Java Runtime Environment to continue.
# Native memory allocation (malloc) failed to allocate 325056 bytes for Chunk::new
# Possible reasons:
#   The system is out of physical RAM or swap space
#   In 32 bit mode, the process size limit was hit
# Possible solutions:
#   Reduce memory load on the system
#   Increase physical memory or swap space
#   Check if swap backing store is full
#   Use 64 bit Java on a 64 bit OS
#   Decrease Java heap size (-Xmx/-Xms)
#   Decrease number of Java threads
#   Decrease Java thread stack sizes (-Xss)
#   Set larger code cache with -XX:ReservedCodeCacheSize=
# This output file may be truncated or incomplete.
#
#  Out of Memory Error (allocation.cpp:390), pid=15484, tid=26536
#
# JRE version: Java(TM) SE Runtime Environment (8.0_91-b14) (build 1.8.0_91-b14)
# Java VM: Java HotSpot(TM) 64-Bit Server VM (25.91-b14 mixed mode windows-amd64 compressed oops)
# Failed to write core dump. Minidumps are not enabled by default on client versions of Windows
#

---------------  T H R E A D  ---------------

Current thread (0x000000001524b000):  JavaThread "C2 CompilerThread0" daemon [_thread_in_native, id=26536, stack(0x0000000016740000,0x0000000016840000)]

Stack: [0x0000000016740000,0x0000000016840000]
[error occurred during error reporting (printing stack bounds), id 0xc0000005]

Native frames: (J=compiled Java code, j=interpreted, Vv=VM code, C=native code)


Current CompileTask:
C2:   3677  633       4       com.android.dx.ssa.NormalSsaInsn::accept (25 bytes)


---------------  P R O C E S S  ---------------

Java Threads: ( => current thread )
  0x000000001689b800 JavaThread "Service Thread" daemon [_thread_blocked, id=17188, stack(0x0000000016e40000,0x0000000016f40000)]
  0x0000000016899800 JavaThread "C1 CompilerThread2" daemon [_thread_in_native, id=21148, stack(0x0000000016d40000,0x0000000016e40000)]
  0x0000000016896800 JavaThread "C2 CompilerThread1" daemon [_thread_in_native, id=21756, stack(0x0000000016c40000,0x0000000016d40000)]
=>0x000000001524b000 JavaThread "C2 CompilerThread0" daemon [_thread_in_native, id=26536, stack(0x0000000016740000,0x0000000016840000)]
  0x00000000151fc800 JavaThread "Attach Listener" daemon [_thread_blocked, id=25796, stack(0x0000000016640000,0x0000000016740000)]
  0x0000000015249800 JavaThread "Signal Dispatcher" daemon [_thread_blocked, id=26280, stack(0x0000000016540000,0x0000000016640000)]
  0x00000000151da800 JavaThread "Finalizer" daemon [_thread_blocked, id=21772, stack(0x0000000016440000,0x0000000016540000)]
  0x0000000002b0f000 JavaThread "Reference Handler" daemon [_thread_blocked, id=9912, stack(0x0000000016340000,0x0000000016440000)]
  0x0000000002a20800 JavaThread "main" [_thread_in_Java, id=21716, stack(0x0000000002820000,0x0000000002920000)]

Other Threads:
  0x00000000151b8000 VMThread [stack: 0x0000000016240000,0x0000000016340000] [id=20568]
  0x00000000168b0000 WatcherThread [stack: 0x0000000016f40000,0x0000000017040000] [id=20072]

VM state:not at safepoint (normal execution)

VM Mutex/Monitor currently owned by a thread: None

Heap:
 PSYoungGen      total 27648K, used 10166K [0x00000000eab00000, 0x00000000ec980000, 0x0000000100000000)
  eden space 24064K, 42% used [0x00000000eab00000,0x00000000eb4edba8,0x00000000ec280000)
  from space 3584K, 0% used [0x00000000ec600000,0x00000000ec600000,0x00000000ec980000)
  to   space 3584K, 0% used [0x00000000ec280000,0x00000000ec280000,0x00000000ec600000)
 ParOldGen       total 62976K, used 0K [0x00000000c0000000, 0x00000000c3d80000, 0x00000000eab00000)
  object space 62976K, 0% used [0x00000000c0000000,0x00000000c0000000,0x00000000c3d80000)
 Metaspace       used 5275K, capacity 6512K, committed 6784K, reserved 1056768K
  class space    used 557K, capacity 616K, committed 640K, reserved 1048576K

Card table byte_map: [0x0000000011ee0000,0x00000000120f0000] byte_map_base: 0x00000000118e0000

Marking Bits: (ParMarkBitMap*) 0x0000000072442f70
 Begin Bits: [0x0000000012650000, 0x0000000013650000)
 End Bits:   [0x0000000013650000, 0x0000000014650000)

Polling page: 0x0000000000ac0000

CodeCache: size=245760Kb used=2698Kb max_used=2698Kb free=243061Kb
 bounds [0x0000000002b20000, 0x0000000002dd0000, 0x0000000011b20000]
 total_blobs=932 nmethods=666 adapters=179
 compilation: enabled

Compilation events (10 events):
Event: 3.673 Thread 0x0000000016899800 nmethod 669 0x0000000002dc1210 code [0x0000000002dc1380, 0x0000000002dc15a8]
Event: 3.673 Thread 0x0000000016899800  668       3       com.android.dx.ssa.back.FirstFitLocalCombiningAllocator::getParameterIndexForReg (55 bytes)
Event: 3.673 Thread 0x0000000016899800 nmethod 668 0x0000000002dc1690 code [0x0000000002dc1840, 0x0000000002dc2128]
Event: 3.673 Thread 0x0000000016899800  666       3       java.util.TreeMap$PrivateEntryIterator::hasNext (13 bytes)
Event: 3.674 Thread 0x0000000016899800 nmethod 666 0x0000000002dc2350 code [0x0000000002dc24a0, 0x0000000002dc2650]
Event: 3.674 Thread 0x0000000016899800  667       3       com.android.dx.rop.cst.CstInteger::getValue (5 bytes)
Event: 3.674 Thread 0x0000000016899800 nmethod 667 0x0000000002dc26d0 code [0x0000000002dc2820, 0x0000000002dc2a10]
Event: 3.674 Thread 0x0000000016899800  670       3       com.android.dx.rop.code.PlainCstInsn::accept (8 bytes)
Event: 3.674 Thread 0x0000000016899800 nmethod 670 0x0000000002dc2a90 code [0x0000000002dc2c00, 0x0000000002dc2e28]
Event: 3.674 Thread 0x0000000016899800  663       3       com.android.dx.ssa.SsaConverter::nodeNeedsUniquePredecessor (32 bytes)

GC Heap History (0 events):
No events

Deoptimization events (1 events):
Event: 3.486 Thread 0x0000000002a20800 Uncommon trap: reason=unstable_if action=reinterpret pc=0x0000000002d17c08 method=java.util.HashMap.getNode(ILjava/lang/Object;)Ljava/util/HashMap$Node; @ 129

Internal exceptions (2 events):
Event: 1.037 Thread 0x0000000002a20800 Exception <a 'java/lang/NoSuchMethodError': Method sun.misc.Unsafe.defineClass(Ljava/lang/String;[BII)Ljava/lang/Class; name or signature does not match> (0x00000000eab07cc0) thrown at [C:\re\workspace\8-2-build-windows-amd64-cygwin\jdk8u91\6644\hotspot\srn.&˜ð?
Event: 1.037 Thread 0x0000000002a20800 Exception <a 'java/lang/NoSuchMethodError': Method sun.misc.Unsafe.prefetchRead(Ljava/lang/Object;J)V name or signature does not match> (0x00000000eab07fa8) thrown at [C:\re\workspace\8-2-build-windows-amd64-cygwin\jdk8u91\6644\hotspot\src\share\vm\prims\j

Events (10 events):
Event: 3.364 loading class com/android/dx/ssa/back/FirstFitLocalCombiningAllocator$Multiset done
Event: 3.369 loading class com/android/dx/dex/file/MethodAnnotationStruct
Event: 3.369 loading class com/android/dx/dex/file/MethodAnnotationStruct done
Event: 3.486 Thread 0x0000000002a20800 Uncommon trap: trap_request=0xffffff65 fr.pc=0x0000000002d17c08
Event: 3.486 Thread 0x0000000002a20800 DEOPT PACKING pc=0x0000000002d17c08 sp=0x000000000291e8f0
Event: 3.486 Thread 0x0000000002a20800 DEOPT UNPACKING pc=0x0000000002b6582a sp=0x000000000291e868 mode 2
Event: 3.661 loading class com/android/dx/rop/cst/CstEnumRef
Event: 3.661 loading class com/android/dx/rop/cst/CstEnumRef done
Event: 3.664 loading class com/android/dx/cf/attrib/AttLocalVariableTypeTable
Event: 3.664 loading class com/android/dx/cf/attrib/AttLocalVariableTypeTable done


Dynamic libraries:
0x00007ff78b310000 - 0x00007ff78b347000 	D:\Program Files\Java\jdk1.8.0_91\bin\java.exe
0x00007ff813b80000 - 0x00007ff813d41000 	C:\WINDOWS\SYSTEM32\ntdll.dll
0x00007ff813a00000 - 0x00007ff813aad000 	C:\WINDOWS\system32\KERNEL32.DLL
0x00007ff8106b0000 - 0x00007ff810898000 	C:\WINDOWS\system32\KERNELBASE.dll
0x00007ff811b60000 - 0x00007ff811c07000 	C:\WINDOWS\system32\ADVAPI32.dll
0x00007ff811dc0000 - 0x00007ff811e5d000 	C:\WINDOWS\system32\msvcrt.dll
0x00007ff811190000 - 0x00007ff8111eb000 	C:\WINDOWS\system32\sechost.dll
0x00007ff8111f0000 - 0x00007ff81130c000 	C:\WINDOWS\system32\RPCRT4.dll
0x00007ff811ed0000 - 0x00007ff812026000 	C:\WINDOWS\system32\USER32.dll
0x00007ff8119d0000 - 0x00007ff811b56000 	C:\WINDOWS\system32\GDI32.dll
0x00007ff808330000 - 0x00007ff8085a4000 	C:\WINDOWS\WinSxS\amd64_microsoft.windows.common-controls_6595b64144ccf1df_6.0.10586.494_none_a2d8b04ea53e3145\COMCTL32.dll
0x00007ff811460000 - 0x00007ff8116dd000 	C:\WINDOWS\system32\combase.dll
0x00007ff8108a0000 - 0x00007ff81090a000 	C:\WINDOWS\system32\bcryptPrimitives.dll
0x00007ff812460000 - 0x00007ff81249b000 	C:\WINDOWS\system32\IMM32.DLL
0x00000000717b0000 - 0x0000000071882000 	D:\Program Files\Java\jdk1.8.0_91\jre\bin\msvcr100.dll
0x0000000071c30000 - 0x00000000724c3000 	D:\Program Files\Java\jdk1.8.0_91\jre\bin\server\jvm.dll
0x00007ff810fa0000 - 0x00007ff810fa8000 	C:\WINDOWS\system32\PSAPI.DLL
0x00007ff802db0000 - 0x00007ff802db9000 	C:\WINDOWS\SYSTEM32\WSOCK32.dll
0x00007ff8116e0000 - 0x00007ff81174b000 	C:\WINDOWS\system32\WS2_32.dll
0x00007ff80e8a0000 - 0x00007ff80e8c3000 	C:\WINDOWS\SYSTEM32\WINMM.dll
0x00007ff80cff0000 - 0x00007ff80cffa000 	C:\WINDOWS\SYSTEM32\VERSION.dll
0x00007ff80e870000 - 0x00007ff80e89c000 	C:\WINDOWS\SYSTEM32\WINMMBASE.dll
0x00007ff810230000 - 0x00007ff810273000 	C:\WINDOWS\system32\cfgmgr32.dll
0x0000000071c20000 - 0x0000000071c2f000 	D:\Program Files\Java\jdk1.8.0_91\jre\bin\verify.dll
0x0000000071bf0000 - 0x0000000071c19000 	D:\Program Files\Java\jdk1.8.0_91\jre\bin\java.dll
0x0000000071bd0000 - 0x0000000071be6000 	D:\Program Files\Java\jdk1.8.0_91\jre\bin\zip.dll
0x00007ff8124a0000 - 0x00007ff8139fc000 	C:\WINDOWS\system32\SHELL32.dll
0x00007ff810930000 - 0x00007ff810f75000 	C:\WINDOWS\system32\windows.storage.dll
0x00007ff810fb0000 - 0x00007ff811002000 	C:\WINDOWS\system32\shlwapi.dll
0x00007ff8101a0000 - 0x00007ff8101af000 	C:\WINDOWS\system32\kernel.appcore.dll
0x00007ff810330000 - 0x00007ff8103e5000 	C:\WINDOWS\system32\shcore.dll
0x00007ff8101b0000 - 0x00007ff8101fb000 	C:\WINDOWS\system32\powrprof.dll
0x00007ff810210000 - 0x00007ff810224000 	C:\WINDOWS\system32\profapi.dll

VM Arguments:
jvm_args: -Djava.awt.headless=true -Xmx1024M -Dfile.encoding=GBK -Duser.country=CN -Duser.language=zh -Duser.variant 
java_command: com.android.dx.command.Main --dex --force-jumbo --multi-dex --output D:\project\peiliao\app\build\intermediates\transforms\dex\debug\folders\1000\10\base-adapter-helper-1.1.11_a8af551dab1ccc56de961cba9e546170e5b159fa C:\Users\10564\.gradle\caches\modules-2\files-2.1\com.joanzapata.android\base-adapter-helper\1.1.11\d86e2fb7131ec0bb37fab3421b9d27727200fda\base-adapter-helper-1.1.11.jar
java_class_path (initial): D:\Program Files\android-sdk-windows\build-tools\22.0.1\lib\dx.jar
Launcher Type: SUN_STANDARD

Environment Variables:
PATH=D:\Program Files\android-sdk-windows\tools;C:\ProgramData\Oracle\Java\javapath;C:\WINDOWS\system32;C:\WINDOWS;C:\WINDOWS\System32\Wbem;C:\WINDOWS\System32\WindowsPowerShell\v1.0\;C:\Program Files (x86)\NVIDIA Corporation\PhysX\Common;D:\Program Files\Java\jdk1.8.0_91\bin;C:\Program Files (x86)\VisualSVN Server\bin;D:\Program Files\Apache Software Foundation\Tomcat 9.0;C:\Program Files\TortoiseSVN\bin;C:\Users\10564\Desktop\GitHub.exe
USERNAME=10564
OS=Windows_NT
PROCESSOR_IDENTIFIER=Intel64 Family 6 Model 69 Stepping 1, GenuineIntel



---------------  S Y S T E M  ---------------

OS: Windows 10.0 , 64 bit Build 10586 (10.0.10586.0)

CPU:total 4 (2 cores per cpu, 2 threads per core) family 6 model 69 stepping 1, cmov, cx8, fxsr, mmx, sse, sse2, sse3, ssse3, sse4.1, sse4.2, popcnt, avx, avx2, aes, clmul, erms, lzcnt, ht, tsc, tscinvbit, bmi1, bmi2

Memory: 4k page, physical 6025096k(277564k free), swap 12466532k(2404k free)

vm_info: Java HotSpot(TM) 64-Bit Server VM (25.91-b14) for windows-amd64 JRE (1.8.0_91-b14), built on Apr  1 2016 00:58:32 by "java_re" with MS VC++ 10.0 (VS2010)

time: Wed Aug 03 22:31:09 2016
elapsed time: 3 seconds (0d 0h 0m 3s)

